app/build/intermediates/manifest_merge_blame_file/debug/manifest-merger-blame-debug-report.txt
1<?xml version="1.0" encoding="utf-8"?>
2<manifest xmlns:android="http://schemas.android.com/apk/res/android"
3    package="com.android.mobicam"
4    android:versionCode="27"
5    android:versionName="2.7" >
6
7    <uses-sdk
8        android:minSdkVersion="25"
8-->src\main\AndroidManifest.xml
9        android:targetSdkVersion="33" />
9-->src\main\AndroidManifest.xml
10
11    <uses-permission android:name="android.permission.INTERNET" />
11-->src\main\AndroidManifest.xml:4:5-67
11-->src\main\AndroidManifest.xml:4:22-64
12    <uses-permission android:name="android.permission.ACCESS_NETWORK_STATE" />
12-->src\main\AndroidManifest.xml:5:5-79
12-->src\main\AndroidManifest.xml:5:22-76
13    <uses-permission android:name="android.permission.CAMERA" />
13-->src\main\AndroidManifest.xml:6:5-65
13-->src\main\AndroidManifest.xml:6:22-62
14    <uses-permission android:name="android.permission.FOREGROUND_SERVICE" />
14-->src\main\AndroidManifest.xml:7:5-77
14-->src\main\AndroidManifest.xml:7:22-74
15    <uses-permission android:name="android.permission.ACCESS_FINE_LOCATION" />
15-->src\main\AndroidManifest.xml:8:5-79
15-->src\main\AndroidManifest.xml:8:22-76
16    <uses-permission android:name="android.permission.RECORD_AUDIO" />
16-->src\main\AndroidManifest.xml:9:5-71
16-->src\main\AndroidManifest.xml:9:22-68
17    <uses-permission android:name="android.permission.ACCESS_WIFI_STATE" />
17-->src\main\AndroidManifest.xml:10:5-76
17-->src\main\AndroidManifest.xml:10:22-73
18    <uses-permission android:name="android.permission.WRITE_EXTERNAL_STORAGE" />
18-->src\main\AndroidManifest.xml:11:5-81
18-->src\main\AndroidManifest.xml:11:22-78
19
20    <permission
20-->[androidx.core:core:1.9.0] AndroidManifest.xml:22:5-24:47
21        android:name="com.android.mobicam.DYNAMIC_RECEIVER_NOT_EXPORTED_PERMISSION"
21-->[androidx.core:core:1.9.0] AndroidManifest.xml:23:9-81
22        android:protectionLevel="signature" />
22-->[androidx.core:core:1.9.0] AndroidManifest.xml:24:9-44
23
24    <uses-permission android:name="com.android.mobicam.DYNAMIC_RECEIVER_NOT_EXPORTED_PERMISSION" />
24-->[androidx.core:core:1.9.0] AndroidManifest.xml:26:5-97
24-->[androidx.core:core:1.9.0] AndroidManifest.xml:26:22-94
25    <uses-permission android:name="android.permission.REORDER_TASKS" />
25-->[androidx.test:core:1.5.0] AndroidManifest.xml:24:5-72
25-->[androidx.test:core:1.5.0] AndroidManifest.xml:24:22-69
26
27    <queries>
27-->[androidx.wear.tiles:tiles:1.1.0-alpha04] AndroidManifest.xml:9:5-13:15
28        <intent>
28-->[androidx.wear.tiles:tiles:1.1.0-alpha04] AndroidManifest.xml:10:9-12:18
29            <action android:name="androidx.wear.tiles.action.BIND_UPDATE_REQUESTER" />
29-->[androidx.wear.tiles:tiles:1.1.0-alpha04] AndroidManifest.xml:11:13-87
29-->[androidx.wear.tiles:tiles:1.1.0-alpha04] AndroidManifest.xml:11:21-84
30        </intent>
31    </queries>
32
33    <application
33-->src\main\AndroidManifest.xml:13:5-71:19
34        android:allowBackup="true"
34-->src\main\AndroidManifest.xml:14:9-35
35        android:appComponentFactory="androidx.core.app.CoreComponentFactory"
35-->[androidx.core:core:1.9.0] AndroidManifest.xml:28:18-86
36        android:debuggable="true"
37        android:extractNativeLibs="false"
38        android:icon="@mipmap/ic_launcher"
38-->src\main\AndroidManifest.xml:15:9-43
39        android:label="@string/app_name"
39-->src\main\AndroidManifest.xml:16:9-41
40        android:roundIcon="@mipmap/ic_launcher_round"
40-->src\main\AndroidManifest.xml:17:9-54
41        android:supportsRtl="true"
41-->src\main\AndroidManifest.xml:18:9-35
42        android:testOnly="true"
43        android:theme="@style/AppTheme" >
43-->src\main\AndroidManifest.xml:19:9-40
44        <activity
44-->src\main\AndroidManifest.xml:20:9-22:40
45            android:name="com.android.mobicam.AddVideoActivity"
45-->src\main\AndroidManifest.xml:21:13-45
46            android:exported="false" />
46-->src\main\AndroidManifest.xml:22:13-37
47        <activity
47-->src\main\AndroidManifest.xml:23:9-25:40
48            android:name="com.android.mobicam.Camera_Record"
48-->src\main\AndroidManifest.xml:24:13-42
49            android:exported="false" />
49-->src\main\AndroidManifest.xml:25:13-37
50        <activity
50-->src\main\AndroidManifest.xml:26:9-29:63
51            android:name="com.android.mobicam.ScreenRecord"
51-->src\main\AndroidManifest.xml:27:13-41
52            android:exported="false"
52-->src\main\AndroidManifest.xml:28:13-37
53            android:foregroundServiceType="mediaProjection" />
53-->src\main\AndroidManifest.xml:29:13-60
54        <activity
54-->src\main\AndroidManifest.xml:30:9-32:40
55            android:name="com.android.mobicam.RecordingActivity"
55-->src\main\AndroidManifest.xml:31:13-46
56            android:exported="false" />
56-->src\main\AndroidManifest.xml:32:13-37
57        <activity
57-->src\main\AndroidManifest.xml:33:9-35:40
58            android:name="com.android.mobicam.VideosActivity"
58-->src\main\AndroidManifest.xml:34:13-43
59            android:exported="false" />
59-->src\main\AndroidManifest.xml:35:13-37
60        <activity
60-->src\main\AndroidManifest.xml:36:9-39:50
61            android:name="com.android.mobicam.HomeActivity"
61-->src\main\AndroidManifest.xml:37:13-41
62            android:exported="false"
62-->src\main\AndroidManifest.xml:38:13-37
63            android:theme="@style/LoginScreen" />
63-->src\main\AndroidManifest.xml:39:13-47
64        <activity
64-->src\main\AndroidManifest.xml:40:9-43:50
65            android:name="com.android.mobicam.ForgotActivity"
65-->src\main\AndroidManifest.xml:41:13-43
66            android:exported="false"
66-->src\main\AndroidManifest.xml:42:13-37
67            android:theme="@style/LoginScreen" />
67-->src\main\AndroidManifest.xml:43:13-47
68        <activity
68-->src\main\AndroidManifest.xml:44:9-47:50
69            android:name="com.android.mobicam.RegisterActivity"
69-->src\main\AndroidManifest.xml:45:13-45
70            android:exported="false"
70-->src\main\AndroidManifest.xml:46:13-37
71            android:theme="@style/LoginScreen" />
71-->src\main\AndroidManifest.xml:47:13-47
72        <activity
72-->src\main\AndroidManifest.xml:48:9-57:20
73            android:name="com.android.mobicam.SplashActivity"
73-->src\main\AndroidManifest.xml:49:13-43
74            android:exported="true"
74-->src\main\AndroidManifest.xml:50:13-36
75            android:theme="@style/SplashScreen" >
75-->src\main\AndroidManifest.xml:51:13-48
76            <intent-filter>
76-->src\main\AndroidManifest.xml:52:13-56:29
77                <action android:name="android.intent.action.MAIN" />
77-->src\main\AndroidManifest.xml:53:17-69
77-->src\main\AndroidManifest.xml:53:25-66
78
79                <category android:name="android.intent.category.LAUNCHER" />
79-->src\main\AndroidManifest.xml:55:17-77
79-->src\main\AndroidManifest.xml:55:27-74
80            </intent-filter>
81        </activity>
82        <activity
82-->src\main\AndroidManifest.xml:58:9-61:50
83            android:name="com.android.mobicam.LoginActivity"
83-->src\main\AndroidManifest.xml:59:13-42
84            android:exported="true"
84-->src\main\AndroidManifest.xml:60:13-36
85            android:theme="@style/LoginScreen" />
85-->src\main\AndroidManifest.xml:61:13-47
86        <activity
86-->src\main\AndroidManifest.xml:62:9-66:47
87            android:name="com.android.mobicam.MainActivity"
87-->src\main\AndroidManifest.xml:63:13-41
88            android:exported="true"
88-->src\main\AndroidManifest.xml:64:13-36
89            android:label="@string/app_name"
89-->src\main\AndroidManifest.xml:65:13-45
90            android:theme="@style/AppTheme" />
90-->src\main\AndroidManifest.xml:66:13-44
91
92        <service
92-->src\main\AndroidManifest.xml:68:9-70:63
93            android:name="com.android.mobicam.ScreenRecord"
93-->src\main\AndroidManifest.xml:69:13-41
94            android:foregroundServiceType="mediaProjection" />
94-->src\main\AndroidManifest.xml:70:13-60
95
96        <activity
96-->[pub.devrel:easypermissions:2.0.1] AndroidManifest.xml:12:9-16:66
97            android:name="pub.devrel.easypermissions.AppSettingsDialogHolderActivity"
97-->[pub.devrel:easypermissions:2.0.1] AndroidManifest.xml:13:13-86
98            android:exported="false"
98-->[pub.devrel:easypermissions:2.0.1] AndroidManifest.xml:14:13-37
99            android:label=""
99-->[pub.devrel:easypermissions:2.0.1] AndroidManifest.xml:15:13-29
100            android:theme="@style/EasyPermissions.Transparent" />
100-->[pub.devrel:easypermissions:2.0.1] AndroidManifest.xml:16:13-63
101
102        <service
102-->[com.google.firebase:firebase-auth-ktx:21.1.0] AndroidManifest.xml:8:9-14:19
103            android:name="com.google.firebase.components.ComponentDiscoveryService"
103-->[com.google.firebase:firebase-auth-ktx:21.1.0] AndroidManifest.xml:9:13-84
104            android:directBootAware="true"
104-->[com.google.firebase:firebase-common:20.3.2] AndroidManifest.xml:34:13-43
105            android:exported="false" >
105-->[com.google.firebase:firebase-auth-ktx:21.1.0] AndroidManifest.xml:10:13-37
106            <meta-data
106-->[com.google.firebase:firebase-auth-ktx:21.1.0] AndroidManifest.xml:11:13-13:85
107                android:name="com.google.firebase.components:com.google.firebase.auth.ktx.FirebaseAuthKtxRegistrar"
107-->[com.google.firebase:firebase-auth-ktx:21.1.0] AndroidManifest.xml:12:17-116
108                android:value="com.google.firebase.components.ComponentRegistrar" />
108-->[com.google.firebase:firebase-auth-ktx:21.1.0] AndroidManifest.xml:13:17-82
109            <meta-data
109-->[com.google.firebase:firebase-auth:21.1.0] AndroidManifest.xml:67:13-69:85
110                android:name="com.google.firebase.components:com.google.firebase.auth.FirebaseAuthRegistrar"
110-->[com.google.firebase:firebase-auth:21.1.0] AndroidManifest.xml:68:17-109
111                android:value="com.google.firebase.components.ComponentRegistrar" />
111-->[com.google.firebase:firebase-auth:21.1.0] AndroidManifest.xml:69:17-82
112            <meta-data
112-->[com.google.firebase:firebase-firestore-ktx:24.4.5] AndroidManifest.xml:14:13-16:85
113                android:name="com.google.firebase.components:com.google.firebase.firestore.ktx.FirebaseFirestoreKtxRegistrar"
113-->[com.google.firebase:firebase-firestore-ktx:24.4.5] AndroidManifest.xml:15:17-126
114                android:value="com.google.firebase.components.ComponentRegistrar" />
114-->[com.google.firebase:firebase-firestore-ktx:24.4.5] AndroidManifest.xml:16:17-82
115            <meta-data
115-->[com.google.firebase:firebase-storage-ktx:20.1.0] AndroidManifest.xml:14:13-16:85
116                android:name="com.google.firebase.components:com.google.firebase.storage.ktx.FirebaseStorageKtxRegistrar"
116-->[com.google.firebase:firebase-storage-ktx:20.1.0] AndroidManifest.xml:15:17-122
117                android:value="com.google.firebase.components.ComponentRegistrar" />
117-->[com.google.firebase:firebase-storage-ktx:20.1.0] AndroidManifest.xml:16:17-82
118            <meta-data
118-->[com.google.firebase:firebase-database-ktx:20.1.0] AndroidManifest.xml:14:13-16:85
119                android:name="com.google.firebase.components:com.google.firebase.database.ktx.FirebaseDatabaseKtxRegistrar"
119-->[com.google.firebase:firebase-database-ktx:20.1.0] AndroidManifest.xml:15:17-124
120                android:value="com.google.firebase.components.ComponentRegistrar" />
120-->[com.google.firebase:firebase-database-ktx:20.1.0] AndroidManifest.xml:16:17-82
121            <meta-data
121-->[com.google.firebase:firebase-common-ktx:20.3.2] AndroidManifest.xml:14:13-16:85
122                android:name="com.google.firebase.components:com.google.firebase.ktx.FirebaseCommonKtxRegistrar"
122-->[com.google.firebase:firebase-common-ktx:20.3.2] AndroidManifest.xml:15:17-113
123                android:value="com.google.firebase.components.ComponentRegistrar" />
123-->[com.google.firebase:firebase-common-ktx:20.3.2] AndroidManifest.xml:16:17-82
124            <meta-data
124-->[com.google.firebase:firebase-storage:20.1.0] AndroidManifest.xml:32:13-34:85
125                android:name="com.google.firebase.components:com.google.firebase.storage.StorageRegistrar"
125-->[com.google.firebase:firebase-storage:20.1.0] AndroidManifest.xml:33:17-107
126                android:value="com.google.firebase.components.ComponentRegistrar" />
126-->[com.google.firebase:firebase-storage:20.1.0] AndroidManifest.xml:34:17-82
127            <meta-data
127-->[com.google.firebase:firebase-database:20.1.0] AndroidManifest.xml:31:13-33:85
128                android:name="com.google.firebase.components:com.google.firebase.database.DatabaseRegistrar"
128-->[com.google.firebase:firebase-database:20.1.0] AndroidManifest.xml:32:17-109
129                android:value="com.google.firebase.components.ComponentRegistrar" />
129-->[com.google.firebase:firebase-database:20.1.0] AndroidManifest.xml:33:17-82
130            <meta-data
130-->[com.google.firebase:firebase-firestore:24.4.5] AndroidManifest.xml:19:13-21:85
131                android:name="com.google.firebase.components:com.google.firebase.firestore.FirestoreRegistrar"
131-->[com.google.firebase:firebase-firestore:24.4.5] AndroidManifest.xml:20:17-111
132                android:value="com.google.firebase.components.ComponentRegistrar" />
132-->[com.google.firebase:firebase-firestore:24.4.5] AndroidManifest.xml:21:17-82
133        </service>
134
135        <activity
135-->[com.google.firebase:firebase-auth:21.1.0] AndroidManifest.xml:27:9-44:20
136            android:name="com.google.firebase.auth.internal.GenericIdpActivity"
136-->[com.google.firebase:firebase-auth:21.1.0] AndroidManifest.xml:28:13-80
137            android:excludeFromRecents="true"
137-->[com.google.firebase:firebase-auth:21.1.0] AndroidManifest.xml:29:13-46
138            android:exported="true"
138-->[com.google.firebase:firebase-auth:21.1.0] AndroidManifest.xml:30:13-36
139            android:launchMode="singleTask"
139-->[com.google.firebase:firebase-auth:21.1.0] AndroidManifest.xml:31:13-44
140            android:theme="@android:style/Theme.Translucent.NoTitleBar" >
140-->[com.google.firebase:firebase-auth:21.1.0] AndroidManifest.xml:32:13-72
141            <intent-filter>
141-->[com.google.firebase:firebase-auth:21.1.0] AndroidManifest.xml:33:13-43:29
142                <action android:name="android.intent.action.VIEW" />
142-->[com.google.firebase:firebase-auth:21.1.0] AndroidManifest.xml:34:17-69
142-->[com.google.firebase:firebase-auth:21.1.0] AndroidManifest.xml:34:25-66
143
144                <category android:name="android.intent.category.DEFAULT" />
144-->[com.google.firebase:firebase-auth:21.1.0] AndroidManifest.xml:36:17-76
144-->[com.google.firebase:firebase-auth:21.1.0] AndroidManifest.xml:36:27-73
145                <category android:name="android.intent.category.BROWSABLE" />
145-->[com.google.firebase:firebase-auth:21.1.0] AndroidManifest.xml:37:17-78
145-->[com.google.firebase:firebase-auth:21.1.0] AndroidManifest.xml:37:27-75
146
147                <data
147-->[com.google.firebase:firebase-auth:21.1.0] AndroidManifest.xml:39:17-42:51
148                    android:host="firebase.auth"
148-->[com.google.firebase:firebase-auth:21.1.0] AndroidManifest.xml:40:21-49
149                    android:path="/"
149-->[com.google.firebase:firebase-auth:21.1.0] AndroidManifest.xml:41:21-37
150                    android:scheme="genericidp" />
150-->[com.google.firebase:firebase-auth:21.1.0] AndroidManifest.xml:42:21-48
151            </intent-filter>
152        </activity>
153        <activity
153-->[com.google.firebase:firebase-auth:21.1.0] AndroidManifest.xml:45:9-62:20
154            android:name="com.google.firebase.auth.internal.RecaptchaActivity"
154-->[com.google.firebase:firebase-auth:21.1.0] AndroidManifest.xml:46:13-79
155            android:excludeFromRecents="true"
155-->[com.google.firebase:firebase-auth:21.1.0] AndroidManifest.xml:47:13-46
156            android:exported="true"
156-->[com.google.firebase:firebase-auth:21.1.0] AndroidManifest.xml:48:13-36
157            android:launchMode="singleTask"
157-->[com.google.firebase:firebase-auth:21.1.0] AndroidManifest.xml:49:13-44
158            android:theme="@android:style/Theme.Translucent.NoTitleBar" >
158-->[com.google.firebase:firebase-auth:21.1.0] AndroidManifest.xml:50:13-72
159            <intent-filter>
159-->[com.google.firebase:firebase-auth:21.1.0] AndroidManifest.xml:51:13-61:29
160                <action android:name="android.intent.action.VIEW" />
160-->[com.google.firebase:firebase-auth:21.1.0] AndroidManifest.xml:34:17-69
160-->[com.google.firebase:firebase-auth:21.1.0] AndroidManifest.xml:34:25-66
161
162                <category android:name="android.intent.category.DEFAULT" />
162-->[com.google.firebase:firebase-auth:21.1.0] AndroidManifest.xml:36:17-76
162-->[com.google.firebase:firebase-auth:21.1.0] AndroidManifest.xml:36:27-73
163                <category android:name="android.intent.category.BROWSABLE" />
163-->[com.google.firebase:firebase-auth:21.1.0] AndroidManifest.xml:37:17-78
163-->[com.google.firebase:firebase-auth:21.1.0] AndroidManifest.xml:37:27-75
164
165                <data
165-->[com.google.firebase:firebase-auth:21.1.0] AndroidManifest.xml:39:17-42:51
166                    android:host="firebase.auth"
166-->[com.google.firebase:firebase-auth:21.1.0] AndroidManifest.xml:40:21-49
167                    android:path="/"
167-->[com.google.firebase:firebase-auth:21.1.0] AndroidManifest.xml:41:21-37
168                    android:scheme="recaptcha" />
168-->[com.google.firebase:firebase-auth:21.1.0] AndroidManifest.xml:42:21-48
169            </intent-filter>
170        </activity>
171
172        <provider
172-->[com.google.firebase:firebase-common:20.3.2] AndroidManifest.xml:25:9-30:39
173            android:name="com.google.firebase.provider.FirebaseInitProvider"
173-->[com.google.firebase:firebase-common:20.3.2] AndroidManifest.xml:26:13-77
174            android:authorities="com.android.mobicam.firebaseinitprovider"
174-->[com.google.firebase:firebase-common:20.3.2] AndroidManifest.xml:27:13-72
175            android:directBootAware="true"
175-->[com.google.firebase:firebase-common:20.3.2] AndroidManifest.xml:28:13-43
176            android:exported="false"
176-->[com.google.firebase:firebase-common:20.3.2] AndroidManifest.xml:29:13-37
177            android:initOrder="100" />
177-->[com.google.firebase:firebase-common:20.3.2] AndroidManifest.xml:30:13-36
178
179        <activity
179-->[com.google.android.gms:play-services-base:18.0.1] AndroidManifest.xml:20:9-22:45
180            android:name="com.google.android.gms.common.api.GoogleApiActivity"
180-->[com.google.android.gms:play-services-base:18.0.1] AndroidManifest.xml:20:19-85
181            android:exported="false"
181-->[com.google.android.gms:play-services-base:18.0.1] AndroidManifest.xml:22:19-43
182            android:theme="@android:style/Theme.Translucent.NoTitleBar" />
182-->[com.google.android.gms:play-services-base:18.0.1] AndroidManifest.xml:21:19-78
183
184        <meta-data
184-->[com.google.android.gms:play-services-basement:18.1.0] AndroidManifest.xml:21:9-23:69
185            android:name="com.google.android.gms.version"
185-->[com.google.android.gms:play-services-basement:18.1.0] AndroidManifest.xml:22:13-58
186            android:value="@integer/google_play_services_version" />
186-->[com.google.android.gms:play-services-basement:18.1.0] AndroidManifest.xml:23:13-66
187
188        <provider
188-->[androidx.emoji2:emoji2:1.2.0] AndroidManifest.xml:24:9-32:20
189            android:name="androidx.startup.InitializationProvider"
189-->[androidx.emoji2:emoji2:1.2.0] AndroidManifest.xml:25:13-67
190            android:authorities="com.android.mobicam.androidx-startup"
190-->[androidx.emoji2:emoji2:1.2.0] AndroidManifest.xml:26:13-68
191            android:exported="false" >
191-->[androidx.emoji2:emoji2:1.2.0] AndroidManifest.xml:27:13-37
192            <meta-data
192-->[androidx.emoji2:emoji2:1.2.0] AndroidManifest.xml:29:13-31:52
193                android:name="androidx.emoji2.text.EmojiCompatInitializer"
193-->[androidx.emoji2:emoji2:1.2.0] AndroidManifest.xml:30:17-75
194                android:value="androidx.startup" />
194-->[androidx.emoji2:emoji2:1.2.0] AndroidManifest.xml:31:17-49
195            <meta-data
195-->[androidx.lifecycle:lifecycle-process:2.4.1] AndroidManifest.xml:31:13-33:52
196                android:name="androidx.lifecycle.ProcessLifecycleInitializer"
196-->[androidx.lifecycle:lifecycle-process:2.4.1] AndroidManifest.xml:32:17-78
197                android:value="androidx.startup" />
197-->[androidx.lifecycle:lifecycle-process:2.4.1] AndroidManifest.xml:33:17-49
198        </provider>
199
200        <activity
200-->[androidx.test:core:1.5.0] AndroidManifest.xml:27:9-34:20
201            android:name="androidx.test.core.app.InstrumentationActivityInvoker$BootstrapActivity"
201-->[androidx.test:core:1.5.0] AndroidManifest.xml:28:13-99
202            android:exported="true"
202-->[androidx.test:core:1.5.0] AndroidManifest.xml:29:13-36
203            android:theme="@style/WhiteBackgroundTheme" >
203-->[androidx.test:core:1.5.0] AndroidManifest.xml:30:13-56
204            <intent-filter android:priority="-100" >
204-->[androidx.test:core:1.5.0] AndroidManifest.xml:31:13-33:29
204-->[androidx.test:core:1.5.0] AndroidManifest.xml:31:28-51
205                <category android:name="android.intent.category.LAUNCHER" />
205-->src\main\AndroidManifest.xml:55:17-77
205-->src\main\AndroidManifest.xml:55:27-74
206            </intent-filter>
207        </activity>
208        <activity
208-->[androidx.test:core:1.5.0] AndroidManifest.xml:35:9-42:20
209            android:name="androidx.test.core.app.InstrumentationActivityInvoker$EmptyActivity"
209-->[androidx.test:core:1.5.0] AndroidManifest.xml:36:13-95
210            android:exported="true"
210-->[androidx.test:core:1.5.0] AndroidManifest.xml:37:13-36
211            android:theme="@style/WhiteBackgroundTheme" >
211-->[androidx.test:core:1.5.0] AndroidManifest.xml:38:13-56
212            <intent-filter android:priority="-100" >
212-->[androidx.test:core:1.5.0] AndroidManifest.xml:31:13-33:29
212-->[androidx.test:core:1.5.0] AndroidManifest.xml:31:28-51
213                <category android:name="android.intent.category.LAUNCHER" />
213-->src\main\AndroidManifest.xml:55:17-77
213-->src\main\AndroidManifest.xml:55:27-74
214            </intent-filter>
215        </activity>
216        <activity
216-->[androidx.test:core:1.5.0] AndroidManifest.xml:43:9-50:20
217            android:name="androidx.test.core.app.InstrumentationActivityInvoker$EmptyFloatingActivity"
217-->[androidx.test:core:1.5.0] AndroidManifest.xml:44:13-103
218            android:exported="true"
218-->[androidx.test:core:1.5.0] AndroidManifest.xml:45:13-36
219            android:theme="@style/WhiteBackgroundDialogTheme" >
219-->[androidx.test:core:1.5.0] AndroidManifest.xml:46:13-62
220            <intent-filter android:priority="-100" >
220-->[androidx.test:core:1.5.0] AndroidManifest.xml:31:13-33:29
220-->[androidx.test:core:1.5.0] AndroidManifest.xml:31:28-51
221                <category android:name="android.intent.category.LAUNCHER" />
221-->src\main\AndroidManifest.xml:55:17-77
221-->src\main\AndroidManifest.xml:55:27-74
222            </intent-filter>
223        </activity>
224    </application>
225
226</manifest>